0 info it worked if it ends with ok
1 verbose cli [ '/root/.nvm/versions/node/v5.0.0/bin/node',
1 verbose cli   '/root/.nvm/versions/node/v5.0.0/bin/npm',
1 verbose cli   'start' ]
2 info using npm@3.3.6
3 info using node@v5.0.0
4 verbose run-script [ 'prestart', 'start', 'poststart' ]
5 info lifecycle dem0@0.0.1~prestart: dem0@0.0.1
6 silly lifecycle dem0@0.0.1~prestart: no script for prestart, continuing
7 info lifecycle dem0@0.0.1~start: dem0@0.0.1
8 verbose lifecycle dem0@0.0.1~start: unsafe-perm in lifecycle true
9 verbose lifecycle dem0@0.0.1~start: PATH: /root/.nvm/versions/node/v5.0.0/lib/node_modules/npm/bin/node-gyp-bin:/root/dem0/node_modules/.bin:/root/.nvm/versions/node/v5.0.0/bin:/gocode/bin:/usr/bin/anaconda2/bin:/gocode/bin:/usr/bin/anaconda2/bin:/usr/local/sbin:/usr/local/bin:/usr/sbin:/usr/bin:/sbin:/bin
10 verbose lifecycle dem0@0.0.1~start: CWD: /root/dem0
11 silly lifecycle dem0@0.0.1~start: Args: [ '-c', 'react-scripts start' ]
12 info lifecycle dem0@0.0.1~start: Failed to exec start script
13 verbose stack Error: dem0@0.0.1 start: `react-scripts start`
13 verbose stack spawn ENOENT
13 verbose stack     at ChildProcess.<anonymous> (/root/.nvm/versions/node/v5.0.0/lib/node_modules/npm/lib/utils/spawn.js:17:16)
13 verbose stack     at emitTwo (events.js:87:13)
13 verbose stack     at ChildProcess.emit (events.js:172:7)
13 verbose stack     at maybeClose (internal/child_process.js:818:16)
13 verbose stack     at Process.ChildProcess._handle.onexit (internal/child_process.js:211:5)
14 verbose pkgid dem0@0.0.1
15 verbose cwd /root/dem0
16 error Linux 3.13.0-92-generic
17 error argv "/root/.nvm/versions/node/v5.0.0/bin/node" "/root/.nvm/versions/node/v5.0.0/bin/npm" "start"
18 error node v5.0.0
19 error npm  v3.3.6
20 error file sh
21 error code ELIFECYCLE
22 error errno ENOENT
23 error syscall spawn
24 error dem0@0.0.1 start: `react-scripts start`
24 error spawn ENOENT
25 error Failed at the dem0@0.0.1 start script 'react-scripts start'.
25 error This is most likely a problem with the dem0 package,
25 error not with npm itself.
25 error Tell the author that this fails on your system:
25 error     react-scripts start
25 error You can get their info via:
25 error     npm owner ls dem0
25 error There is likely additional logging output above.
26 verbose exit [ 1, true ]
